This file contains any messages produced by compilers while
running configure, to aid debugging if configure makes a mistake.

It was created by jansson configure 1.0, which was
generated by GNU Autoconf 2.69.  Invocation command line was

  $ ./configure 

## --------- ##
## Platform. ##
## --------- ##

hostname = surya
uname -m = x86_64
uname -r = 5.4.0-64-generic
uname -s = Linux
uname -v = #72-Ubuntu SMP Fri Jan 15 10:27:54 UTC 2021

/usr/bin/uname -p = x86_64
/bin/uname -X     = unknown

/bin/arch              = x86_64
/usr/bin/arch -k       = unknown
/usr/convex/getsysinfo = unknown
/usr/bin/hostinfo      = unknown
/bin/machine           = unknown
/usr/bin/oslevel       = unknown
/bin/universe          = unknown

PATH: /home/surya/.local/bin
PATH: /home/surya/bin
PATH: /usr/local/sbin
PATH: /usr/local/bin
PATH: /usr/sbin
PATH: /usr/bin
PATH: /sbin
PATH: /bin
PATH: /usr/games
PATH: /usr/local/games
PATH: /snap/bin


## ----------- ##
## Core tests. ##
## ----------- ##

configure:2404: checking for a BSD-compatible install
configure:2472: result: /usr/bin/install -c
configure:2483: checking whether build environment is sane
configure:2538: result: yes
configure:2687: checking for a thread-safe mkdir -p
configure:2726: result: /usr/bin/mkdir -p
configure:2733: checking for gawk
configure:2763: result: no
configure:2733: checking for mawk
configure:2749: found /usr/bin/mawk
configure:2760: result: mawk
configure:2771: checking whether make sets $(MAKE)
configure:2793: result: yes
configure:2822: checking whether make supports nested variables
configure:2839: result: yes
configure:3021: checking for gcc
configure:3037: found /usr/bin/gcc
configure:3048: result: gcc
configure:3277: checking for C compiler version
configure:3286: gcc --version >&5
gcc (Ubuntu 9.3.0-17ubuntu1~20.04) 9.3.0
Copyright (C) 2019 Free Software Foundation, Inc.
This is free software; see the source for copying conditions.  There is NO
warranty; not even for MERCHANTABILITY or FITNESS FOR A PARTICULAR PURPOSE.

configure:3297: $? = 0
configure:3286: gcc -v >&5
Using built-in specs.
COLLECT_GCC=gcc
COLLECT_LTO_WRAPPER=/usr/lib/gcc/x86_64-linux-gnu/9/lto-wrapper
OFFLOAD_TARGET_NAMES=nvptx-none:hsa
OFFLOAD_TARGET_DEFAULT=1
Target: x86_64-linux-gnu
Configured with: ../src/configure -v --with-pkgversion='Ubuntu 9.3.0-17ubuntu1~20.04' --with-bugurl=file:///usr/share/doc/gcc-9/README.Bugs --enable-languages=c,ada,c++,go,brig,d,fortran,objc,obj-c++,gm2 --prefix=/usr --with-gcc-major-version-only --program-suffix=-9 --program-prefix=x86_64-linux-gnu- --enable-shared --enable-linker-build-id --libexecdir=/usr/lib --without-included-gettext --enable-threads=posix --libdir=/usr/lib --enable-nls --enable-clocale=gnu --enable-libstdcxx-debug --enable-libstdcxx-time=yes --with-default-libstdcxx-abi=new --enable-gnu-unique-object --disable-vtable-verify --enable-plugin --enable-default-pie --with-system-zlib --with-target-system-zlib=auto --enable-objc-gc=auto --enable-multiarch --disable-werror --with-arch-32=i686 --with-abi=m64 --with-multilib-list=m32,m64,mx32 --enable-multilib --with-tune=generic --enable-offload-targets=nvptx-none=/build/gcc-9-HskZEa/gcc-9-9.3.0/debian/tmp-nvptx/usr,hsa --without-cuda-driver --enable-checking=release --build=x86_64-linux-gnu --host=x86_64-linux-gnu --target=x86_64-linux-gnu
Thread model: posix
gcc version 9.3.0 (Ubuntu 9.3.0-17ubuntu1~20.04) 
configure:3297: $? = 0
configure:3286: gcc -V >&5
gcc: error: unrecognized command line option '-V'
gcc: fatal error: no input files
compilation terminated.
configure:3297: $? = 1
configure:3286: gcc -qversion >&5
gcc: error: unrecognized command line option '-qversion'; did you mean '--version'?
gcc: fatal error: no input files
compilation terminated.
configure:3297: $? = 1
configure:3317: checking whether the C compiler works
configure:3339: gcc    conftest.c  >&5
configure:3343: $? = 0
configure:3391: result: yes
configure:3394: checking for C compiler default output file name
configure:3396: result: a.out
configure:3402: checking for suffix of executables
configure:3409: gcc -o conftest    conftest.c  >&5
configure:3413: $? = 0
configure:3435: result: 
configure:3457: checking whether we are cross compiling
configure:3465: gcc -o conftest    conftest.c  >&5
configure:3469: $? = 0
configure:3476: ./conftest
configure:3480: $? = 0
configure:3468: result: no
configure:3473: checking for suffix of object files
configure:3495: gcc -c   conftest.c >&5
configure:3499: $? = 0
configure:3520: result: o
configure:3524: checking whether we are using the GNU C compiler
configure:3543: gcc -c   conftest.c >&5
configure:3543: $? = 0
configure:3552: result: yes
configure:3561: checking whether gcc accepts -g
configure:3581: gcc -c -g  conftest.c >&5
configure:3581: $? = 0
configure:3622: result: yes
configure:3639: checking for gcc option to accept ISO C89
configure:3702: gcc  -c -g -O2  conftest.c >&5
configure:3702: $? = 0
configure:3715: result: none needed
configure:3740: checking whether gcc understands -c and -o together
configure:3762: gcc -c conftest.c -o conftest2.o
configure:3765: $? = 0
configure:3762: gcc -c conftest.c -o conftest2.o
configure:3765: $? = 0
configure:3777: result: yes
configure:3797: checking whether make supports the include directive
configure:3812: make -f confmf.GNU && cat confinc.out
this is the am__doit target
configure:3815: $? = 0
configure:3834: result: yes (GNU style)
configure:3859: checking dependency style of gcc
configure:3970: result: gcc3
configure:4014: checking build system type
configure:4028: result: x86_64-pc-linux-gnu
configure:4048: checking host system type
configure:4061: result: x86_64-pc-linux-gnu
configure:4102: checking how to print strings
configure:4129: result: printf
configure:4150: checking for a sed that does not truncate output
configure:4214: result: /usr/bin/sed
configure:4232: checking for grep that handles long lines and -e
configure:4290: result: /usr/bin/grep
configure:4295: checking for egrep
configure:4357: result: /usr/bin/grep -E
configure:4362: checking for fgrep
configure:4424: result: /usr/bin/grep -F
configure:4459: checking for ld used by gcc
configure:4526: result: /usr/bin/ld
configure:4533: checking if the linker (/usr/bin/ld) is GNU ld
configure:4548: result: yes
configure:4560: checking for BSD- or MS-compatible name lister (nm)
configure:4614: result: /usr/bin/nm -B
configure:4744: checking the name lister (/usr/bin/nm -B) interface
configure:4751: gcc -c -g -O2  conftest.c >&5
configure:4754: /usr/bin/nm -B "conftest.o"
configure:4757: output
0000000000000000 B some_variable
configure:4758: result: BSD nm
configure:4761: checking whether ln -s works
configure:4765: result: yes
configure:4773: checking the maximum length of command line arguments
configure:4904: result: 1572864
configure:4952: checking how to convert x86_64-pc-linux-gnu file names to x86_64-pc-linux-gnu format
configure:4992: result: func_convert_file_noop
configure:4999: checking how to convert x86_64-pc-linux-gnu file names to toolchain format
configure:5019: result: func_convert_file_noop
configure:5026: checking for /usr/bin/ld option to reload object files
configure:5033: result: -r
configure:5107: checking for objdump
configure:5123: found /usr/bin/objdump
configure:5134: result: objdump
configure:5166: checking how to recognize dependent libraries
configure:5366: result: pass_all
configure:5451: checking for dlltool
configure:5481: result: no
configure:5511: checking how to associate runtime and link libraries
configure:5538: result: printf %s\n
configure:5599: checking for ar
configure:5615: found /usr/bin/ar
configure:5626: result: ar
configure:5663: checking for archiver @FILE support
configure:5680: gcc -c -g -O2  conftest.c >&5
configure:5680: $? = 0
configure:5683: ar cr libconftest.a @conftest.lst >&5
configure:5686: $? = 0
configure:5691: ar cr libconftest.a @conftest.lst >&5
ar: conftest.o: No such file or directory
configure:5694: $? = 1
configure:5693: result: @
configure:5751: checking for strip
configure:5767: found /usr/bin/strip
configure:5778: result: strip
configure:5850: checking for ranlib
configure:5866: found /usr/bin/ranlib
configure:5877: result: ranlib
configure:5979: checking command to parse /usr/bin/nm -B output from gcc object
configure:6132: gcc -c -g -O2  conftest.c >&5
configure:6135: $? = 0
configure:6139: /usr/bin/nm -B conftest.o | sed -n -e 's/^.*[	 ]\([ABCDGIRSTW][ABCDGIRSTW]*\)[	 ][	 ]*\([_A-Za-z][_A-Za-z0-9]*\)$/\1 \2 \2/p' | sed '/ __gnu_lto/d' > conftest.nm
configure:6205: gcc -o conftest -g -O2   conftest.c conftstm.o >&5
configure:6208: $? = 0
configure:6246: result: ok
configure:6293: checking for sysroot
configure:6323: result: no
configure:6330: checking for a working dd
configure:6368: result: /usr/bin/dd
configure:6372: checking how to truncate binary pipes
configure:6387: result: /usr/bin/dd bs=4096 count=1
configure:6523: gcc -c -g -O2  conftest.c >&5
configure:6526: $? = 0
configure:6716: checking for mt
configure:6732: found /usr/bin/mt
configure:6743: result: mt
configure:6766: checking if mt is a manifest tool
configure:6772: mt '-?'
configure:6780: result: no
configure:7457: checking how to run the C preprocessor
configure:7488: gcc -E  conftest.c
configure:7488: $? = 0
configure:7502: gcc -E  conftest.c
conftest.c:11:10: fatal error: ac_nonexistent.h: No such file or directory
   11 | #include <ac_nonexistent.h>
      |          ^~~~~~~~~~~~~~~~~~
compilation terminated.
configure:7502: $? = 1
configure: failed program was:
| /* confdefs.h */
| #define PACKAGE_NAME "jansson"
| #define PACKAGE_TARNAME "jansson"
| #define PACKAGE_VERSION "1.0"
| #define PACKAGE_STRING "jansson 1.0"
| #define PACKAGE_BUGREPORT ""
| #define PACKAGE_URL ""
| #define PACKAGE "jansson"
| #define VERSION "1.0"
| /* end confdefs.h.  */
| #include <ac_nonexistent.h>
configure:7527: result: gcc -E
configure:7547: gcc -E  conftest.c
configure:7547: $? = 0
configure:7561: gcc -E  conftest.c
conftest.c:11:10: fatal error: ac_nonexistent.h: No such file or directory
   11 | #include <ac_nonexistent.h>
      |          ^~~~~~~~~~~~~~~~~~
compilation terminated.
configure:7561: $? = 1
configure: failed program was:
| /* confdefs.h */
| #define PACKAGE_NAME "jansson"
| #define PACKAGE_TARNAME "jansson"
| #define PACKAGE_VERSION "1.0"
| #define PACKAGE_STRING "jansson 1.0"
| #define PACKAGE_BUGREPORT ""
| #define PACKAGE_URL ""
| #define PACKAGE "jansson"
| #define VERSION "1.0"
| /* end confdefs.h.  */
| #include <ac_nonexistent.h>
configure:7590: checking for ANSI C header files
configure:7610: gcc -c -g -O2  conftest.c >&5
configure:7610: $? = 0
configure:7683: gcc -o conftest -g -O2   conftest.c  >&5
configure:7683: $? = 0
configure:7683: ./conftest
configure:7683: $? = 0
configure:7694: result: yes
configure:7707: checking for sys/types.h
configure:7707: gcc -c -g -O2  conftest.c >&5
configure:7707: $? = 0
configure:7707: result: yes
configure:7707: checking for sys/stat.h
configure:7707: gcc -c -g -O2  conftest.c >&5
configure:7707: $? = 0
configure:7707: result: yes
configure:7707: checking for stdlib.h
configure:7707: gcc -c -g -O2  conftest.c >&5
configure:7707: $? = 0
configure:7707: result: yes
configure:7707: checking for string.h
configure:7707: gcc -c -g -O2  conftest.c >&5
configure:7707: $? = 0
configure:7707: result: yes
configure:7707: checking for memory.h
configure:7707: gcc -c -g -O2  conftest.c >&5
configure:7707: $? = 0
configure:7707: result: yes
configure:7707: checking for strings.h
configure:7707: gcc -c -g -O2  conftest.c >&5
configure:7707: $? = 0
configure:7707: result: yes
configure:7707: checking for inttypes.h
configure:7707: gcc -c -g -O2  conftest.c >&5
configure:7707: $? = 0
configure:7707: result: yes
configure:7707: checking for stdint.h
configure:7707: gcc -c -g -O2  conftest.c >&5
configure:7707: $? = 0
configure:7707: result: yes
configure:7707: checking for unistd.h
configure:7707: gcc -c -g -O2  conftest.c >&5
configure:7707: $? = 0
configure:7707: result: yes
configure:7721: checking for dlfcn.h
configure:7721: gcc -c -g -O2  conftest.c >&5
configure:7721: $? = 0
configure:7721: result: yes
configure:7977: checking for objdir
configure:7992: result: .libs
configure:8256: checking if gcc supports -fno-rtti -fno-exceptions
configure:8274: gcc -c -g -O2  -fno-rtti -fno-exceptions conftest.c >&5
cc1: warning: command line option '-fno-rtti' is valid for C++/D/ObjC++ but not for C
configure:8278: $? = 0
configure:8291: result: no
configure:8655: checking for gcc option to produce PIC
configure:8662: result: -fPIC -DPIC
configure:8670: checking if gcc PIC flag -fPIC -DPIC works
configure:8688: gcc -c -g -O2  -fPIC -DPIC -DPIC conftest.c >&5
configure:8692: $? = 0
configure:8705: result: yes
configure:8734: checking if gcc static flag -static works
configure:8762: result: yes
configure:8777: checking if gcc supports -c -o file.o
configure:8798: gcc -c -g -O2  -o out/conftest2.o conftest.c >&5
configure:8802: $? = 0
configure:8824: result: yes
configure:8832: checking if gcc supports -c -o file.o
configure:8879: result: yes
configure:8912: checking whether the gcc linker (/usr/bin/ld -m elf_x86_64) supports shared libraries
configure:10175: result: yes
configure:10212: checking whether -lc should be explicitly linked in
configure:10220: gcc -c -g -O2  conftest.c >&5
configure:10223: $? = 0
configure:10238: gcc -shared  -fPIC -DPIC conftest.o  -v -Wl,-soname -Wl,conftest -o conftest 2\>\&1 \| /usr/bin/grep  -lc  \>/dev/null 2\>\&1
configure:10241: $? = 0
configure:10255: result: no
configure:10415: checking dynamic linker characteristics
configure:10996: gcc -o conftest -g -O2   -Wl,-rpath -Wl,/foo conftest.c  >&5
configure:10996: $? = 0
configure:11245: result: GNU/Linux ld.so
configure:11367: checking how to hardcode library paths into programs
configure:11392: result: immediate
configure:11940: checking whether stripping libraries is possible
configure:11945: result: yes
configure:11980: checking if libtool supports shared libraries
configure:11982: result: yes
configure:11985: checking whether to build shared libraries
configure:12010: result: yes
configure:12013: checking whether to build static libraries
configure:12017: result: yes
configure:8844: checking endian.h usability
configure:8844: gcc -c -g -O2  conftest.c >&5
configure:8844: $? = 0
configure:8844: result: yes
configure:8844: checking endian.h presence
configure:8844: gcc -E  conftest.c
configure:8844: $? = 0
configure:8844: result: yes
configure:8844: checking for endian.h
configure:8844: result: yes
configure:8844: checking fcntl.h usability
configure:8844: gcc -c -g -O2  conftest.c >&5
configure:8844: $? = 0
configure:8844: result: yes
configure:8844: checking fcntl.h presence
configure:8844: gcc -E  conftest.c
configure:8844: $? = 0
configure:8844: result: yes
configure:8844: checking for fcntl.h
configure:8844: result: yes
configure:8844: checking locale.h usability
configure:8844: gcc -c -g -O2  conftest.c >&5
configure:8844: $? = 0
configure:8844: result: yes
configure:8844: checking locale.h presence
configure:8844: gcc -E  conftest.c
configure:8844: $? = 0
configure:8844: result: yes
configure:8844: checking for locale.h
configure:8844: result: yes
configure:8844: checking sched.h usability
configure:8844: gcc -c -g -O2  conftest.c >&5
configure:8844: $? = 0
configure:8844: result: yes
configure:8844: checking sched.h presence
configure:8844: gcc -E  conftest.c
configure:8844: $? = 0
configure:8844: result: yes
configure:8844: checking for sched.h
configure:8844: result: yes
configure:8844: checking for unistd.h
configure:8844: result: yes
configure:8844: checking sys/param.h usability
configure:8844: gcc -c -g -O2  conftest.c >&5
configure:8844: $? = 0
configure:8844: result: yes
configure:8844: checking sys/param.h presence
configure:8844: gcc -E  conftest.c
configure:8844: $? = 0
configure:8844: result: yes
configure:8844: checking for sys/param.h
configure:8844: result: yes
configure:8844: checking for sys/stat.h
configure:8844: result: yes
configure:8844: checking sys/time.h usability
configure:8844: gcc -c -g -O2  conftest.c >&5
configure:8844: $? = 0
configure:8844: result: yes
configure:8844: checking sys/time.h presence
configure:8844: gcc -E  conftest.c
configure:8844: $? = 0
configure:8844: result: yes
configure:8844: checking for sys/time.h
configure:8844: result: yes
configure:8844: checking for sys/types.h
configure:8844: result: yes
configure:8855: checking for int32_t
configure:8855: gcc -c -g -O2  conftest.c >&5
configure:8855: $? = 0
configure:8855: gcc -c -g -O2  conftest.c >&5
conftest.c: In function 'main':
conftest.c:70:53: warning: integer overflow in expression of type 'int' results in '-2147483648' [-Woverflow]
   70 |    < (int32_t) (((((int32_t) 1 << N) << N) - 1) * 2 + 2))];
      |                                                     ^
conftest.c:69:12: error: storage size of 'test_array' isn't constant
   69 | static int test_array [1 - 2 * !((int32_t) (((((int32_t) 1 << N) << N) - 1) * 2 + 1)
      |            ^~~~~~~~~~
configure:8855: $? = 1
configure: failed program was:
| /* confdefs.h */
| #define PACKAGE_NAME "jansson"
| #define PACKAGE_TARNAME "jansson"
| #define PACKAGE_VERSION "1.0"
| #define PACKAGE_STRING "jansson 1.0"
| #define PACKAGE_BUGREPORT ""
| #define PACKAGE_URL ""
| #define PACKAGE "jansson"
| #define VERSION "1.0"
| #define STDC_HEADERS 1
| #define HAVE_SYS_TYPES_H 1
| #define HAVE_SYS_STAT_H 1
| #define HAVE_STDLIB_H 1
| #define HAVE_STRING_H 1
| #define HAVE_MEMORY_H 1
| #define HAVE_STRINGS_H 1
| #define HAVE_INTTYPES_H 1
| #define HAVE_STDINT_H 1
| #define HAVE_UNISTD_H 1
| #define HAVE_DLFCN_H 1
| #define LT_OBJDIR ".libs/"
| #define HAVE_ENDIAN_H 1
| #define HAVE_FCNTL_H 1
| #define HAVE_LOCALE_H 1
| #define HAVE_SCHED_H 1
| #define HAVE_UNISTD_H 1
| #define HAVE_SYS_PARAM_H 1
| #define HAVE_SYS_STAT_H 1
| #define HAVE_SYS_TIME_H 1
| #define HAVE_SYS_TYPES_H 1
| /* end confdefs.h.  */
| #include <stdio.h>
| #ifdef HAVE_SYS_TYPES_H
| # include <sys/types.h>
| #endif
| #ifdef HAVE_SYS_STAT_H
| # include <sys/stat.h>
| #endif
| #ifdef STDC_HEADERS
| # include <stdlib.h>
| # include <stddef.h>
| #else
| # ifdef HAVE_STDLIB_H
| #  include <stdlib.h>
| # endif
| #endif
| #ifdef HAVE_STRING_H
| # if !defined STDC_HEADERS && defined HAVE_MEMORY_H
| #  include <memory.h>
| # endif
| # include <string.h>
| #endif
| #ifdef HAVE_STRINGS_H
| # include <strings.h>
| #endif
| #ifdef HAVE_INTTYPES_H
| # include <inttypes.h>
| #endif
| #ifdef HAVE_STDINT_H
| # include <stdint.h>
| #endif
| #ifdef HAVE_UNISTD_H
| # include <unistd.h>
| #endif
| 	        enum { N = 32 / 2 - 1 };
| int
| main ()
| {
| static int test_array [1 - 2 * !((int32_t) (((((int32_t) 1 << N) << N) - 1) * 2 + 1)
| 		 < (int32_t) (((((int32_t) 1 << N) << N) - 1) * 2 + 2))];
| test_array [0] = 0;
| return test_array [0];
| 
|   ;
|   return 0;
| }
configure:8855: result: yes
configure:8866: checking for uint32_t
configure:8866: gcc -c -g -O2  conftest.c >&5
configure:8866: $? = 0
configure:8866: result: yes
configure:8880: checking for uint16_t
configure:8880: gcc -c -g -O2  conftest.c >&5
configure:8880: $? = 0
configure:8880: result: yes
configure:8892: checking for uint8_t
configure:8892: gcc -c -g -O2  conftest.c >&5
configure:8892: $? = 0
configure:8892: result: yes
configure:8907: checking for unsigned long long int
configure:8946: gcc -o conftest -g -O2   conftest.c  >&5
configure:8946: $? = 0
configure:8955: result: yes
configure:8965: checking for long long int
configure:9003: gcc -o conftest -g -O2   conftest.c  >&5
configure:9003: $? = 0
configure:9003: ./conftest
configure:9003: $? = 0
configure:9015: result: yes
configure:9024: checking for inline
configure:9040: gcc -c -g -O2  conftest.c >&5
configure:9040: $? = 0
configure:9048: result: inline
configure:9072: checking for gcc __atomic builtins
configure:9086: gcc -o conftest -g -O2   conftest.c  >&5
configure:9086: $? = 0

## ---------------- ##
## Cache variables. ##
## ---------------- ##

ac_cv_build=x86_64-pc-linux-gnu
ac_cv_c_compiler_gnu=yes
ac_cv_c_inline=inline
ac_cv_c_int32_t=yes
ac_cv_c_uint16_t=yes
ac_cv_c_uint32_t=yes
ac_cv_c_uint8_t=yes
ac_cv_env_CC_set=
ac_cv_env_CC_value=
ac_cv_env_CFLAGS_set=
ac_cv_env_CFLAGS_value=
ac_cv_env_CPPFLAGS_set=
ac_cv_env_CPPFLAGS_value=
ac_cv_env_CPP_set=
ac_cv_env_CPP_value=
ac_cv_env_LDFLAGS_set=
ac_cv_env_LDFLAGS_value=
ac_cv_env_LIBS_set=
ac_cv_env_LIBS_value=
ac_cv_env_LT_SYS_LIBRARY_PATH_set=
ac_cv_env_LT_SYS_LIBRARY_PATH_value=
ac_cv_env_build_alias_set=
ac_cv_env_build_alias_value=
ac_cv_env_host_alias_set=
ac_cv_env_host_alias_value=
ac_cv_env_target_alias_set=
ac_cv_env_target_alias_value=
ac_cv_header_dlfcn_h=yes
ac_cv_header_endian_h=yes
ac_cv_header_fcntl_h=yes
ac_cv_header_inttypes_h=yes
ac_cv_header_locale_h=yes
ac_cv_header_memory_h=yes
ac_cv_header_sched_h=yes
ac_cv_header_stdc=yes
ac_cv_header_stdint_h=yes
ac_cv_header_stdlib_h=yes
ac_cv_header_string_h=yes
ac_cv_header_strings_h=yes
ac_cv_header_sys_param_h=yes
ac_cv_header_sys_stat_h=yes
ac_cv_header_sys_time_h=yes
ac_cv_header_sys_types_h=yes
ac_cv_header_unistd_h=yes
ac_cv_host=x86_64-pc-linux-gnu
ac_cv_objext=o
ac_cv_path_EGREP='/usr/bin/grep -E'
ac_cv_path_FGREP='/usr/bin/grep -F'
ac_cv_path_GREP=/usr/bin/grep
ac_cv_path_SED=/usr/bin/sed
ac_cv_path_install='/usr/bin/install -c'
ac_cv_path_lt_DD=/usr/bin/dd
ac_cv_path_mkdir=/usr/bin/mkdir
ac_cv_prog_AWK=mawk
ac_cv_prog_CPP='gcc -E'
ac_cv_prog_ac_ct_AR=ar
ac_cv_prog_ac_ct_CC=gcc
ac_cv_prog_ac_ct_MANIFEST_TOOL=mt
ac_cv_prog_ac_ct_OBJDUMP=objdump
ac_cv_prog_ac_ct_RANLIB=ranlib
ac_cv_prog_ac_ct_STRIP=strip
ac_cv_prog_cc_c89=
ac_cv_prog_cc_g=yes
ac_cv_prog_make_make_set=yes
ac_cv_type_long_long_int=yes
ac_cv_type_unsigned_long_long_int=yes
am_cv_CC_dependencies_compiler_type=gcc3
am_cv_make_support_nested_variables=yes
am_cv_prog_cc_c_o=yes
lt_cv_ar_at_file=@
lt_cv_archive_cmds_need_lc=no
lt_cv_deplibs_check_method=pass_all
lt_cv_file_magic_cmd='$MAGIC_CMD'
lt_cv_file_magic_test_file=
lt_cv_ld_reload_flag=-r
lt_cv_nm_interface='BSD nm'
lt_cv_objdir=.libs
lt_cv_path_LD=/usr/bin/ld
lt_cv_path_NM='/usr/bin/nm -B'
lt_cv_path_mainfest_tool=no
lt_cv_prog_compiler_c_o=yes
lt_cv_prog_compiler_pic='-fPIC -DPIC'
lt_cv_prog_compiler_pic_works=yes
lt_cv_prog_compiler_rtti_exceptions=no
lt_cv_prog_compiler_static_works=yes
lt_cv_prog_gnu_ld=yes
lt_cv_sharedlib_from_linklib_cmd='printf %s\n'
lt_cv_shlibpath_overrides_runpath=yes
lt_cv_sys_global_symbol_pipe='sed -n -e '\''s/^.*[	 ]\([ABCDGIRSTW][ABCDGIRSTW]*\)[	 ][	 ]*\([_A-Za-z][_A-Za-z0-9]*\)$/\1 \2 \2/p'\'' | sed '\''/ __gnu_lto/d'\'''
lt_cv_sys_global_symbol_to_c_name_address='sed -n -e '\''s/^: \(.*\) .*$/  {"\1", (void *) 0},/p'\'' -e '\''s/^[ABCDGIRSTW][ABCDGIRSTW]* .* \(.*\)$/  {"\1", (void *) \&\1},/p'\'''
lt_cv_sys_global_symbol_to_c_name_address_lib_prefix='sed -n -e '\''s/^: \(.*\) .*$/  {"\1", (void *) 0},/p'\'' -e '\''s/^[ABCDGIRSTW][ABCDGIRSTW]* .* \(lib.*\)$/  {"\1", (void *) \&\1},/p'\'' -e '\''s/^[ABCDGIRSTW][ABCDGIRSTW]* .* \(.*\)$/  {"lib\1", (void *) \&\1},/p'\'''
lt_cv_sys_global_symbol_to_cdecl='sed -n -e '\''s/^T .* \(.*\)$/extern int \1();/p'\'' -e '\''s/^[ABCDGIRSTW][ABCDGIRSTW]* .* \(.*\)$/extern char \1;/p'\'''
lt_cv_sys_global_symbol_to_import=
lt_cv_sys_max_cmd_len=1572864
lt_cv_to_host_file_cmd=func_convert_file_noop
lt_cv_to_tool_file_cmd=func_convert_file_noop
lt_cv_truncate_bin='/usr/bin/dd bs=4096 count=1'

## ----------------- ##
## Output variables. ##
## ----------------- ##

ACLOCAL='${SHELL} /home/surya/Desktop/builddir/missing aclocal-1.16'
AMDEPBACKSLASH='\'
AMDEP_FALSE='#'
AMDEP_TRUE=''
AMTAR='$${TAR-tar}'
AM_BACKSLASH='\'
AM_CFLAGS=''
AM_DEFAULT_V='$(AM_DEFAULT_VERBOSITY)'
AM_DEFAULT_VERBOSITY='1'
AM_V='$(V)'
AR='ar'
AUTOCONF='${SHELL} /home/surya/Desktop/builddir/missing autoconf'
AUTOHEADER='${SHELL} /home/surya/Desktop/builddir/missing autoheader'
AUTOMAKE='${SHELL} /home/surya/Desktop/builddir/missing automake-1.16'
AWK='mawk'
CC='gcc'
CCDEPMODE='depmode=gcc3'
CFLAGS='-g -O2'
CPP='gcc -E'
CPPFLAGS=''
CYGPATH_W='echo'
DEFS=''
DEPDIR='.deps'
DLLTOOL='false'
DSYMUTIL=''
DUMPBIN=''
ECHO_C=''
ECHO_N='-n'
ECHO_T=''
EGREP='/usr/bin/grep -E'
EXEEXT=''
FGREP='/usr/bin/grep -F'
GCC_FALSE='#'
GCC_TRUE=''
GREP='/usr/bin/grep'
INSTALL_DATA='${INSTALL} -m 644'
INSTALL_PROGRAM='${INSTALL}'
INSTALL_SCRIPT='${INSTALL}'
INSTALL_STRIP_PROGRAM='$(install_sh) -c -s'
LD='/usr/bin/ld -m elf_x86_64'
LDFLAGS=''
LIBOBJS=''
LIBS=''
LIBTOOL='$(SHELL) $(top_builddir)/libtool'
LIPO=''
LN_S='ln -s'
LTLIBOBJS=''
LT_SYS_LIBRARY_PATH=''
MAKEINFO='${SHELL} /home/surya/Desktop/builddir/missing makeinfo'
MANIFEST_TOOL=':'
MKDIR_P='/usr/bin/mkdir -p'
NM='/usr/bin/nm -B'
NMEDIT=''
OBJDUMP='objdump'
OBJEXT='o'
OTOOL64=''
OTOOL=''
PACKAGE='jansson'
PACKAGE_BUGREPORT=''
PACKAGE_NAME='jansson'
PACKAGE_STRING='jansson 1.0'
PACKAGE_TARNAME='jansson'
PACKAGE_URL=''
PACKAGE_VERSION='1.0'
PATH_SEPARATOR=':'
RANLIB='ranlib'
SED='/usr/bin/sed'
SET_MAKE=''
SHELL='/bin/bash'
STRIP='strip'
VERSION='1.0'
ac_ct_AR='ar'
ac_ct_CC='gcc'
ac_ct_DUMPBIN=''
am__EXEEXT_FALSE=''
am__EXEEXT_TRUE=''
am__fastdepCC_FALSE='#'
am__fastdepCC_TRUE=''
am__include='include'
am__isrc=''
am__leading_dot='.'
am__nodep='_no'
am__quote=''
am__tar='$${TAR-tar} chof - "$$tardir"'
am__untar='$${TAR-tar} xf -'
bindir='${exec_prefix}/bin'
build='x86_64-pc-linux-gnu'
build_alias=''
build_cpu='x86_64'
build_os='linux-gnu'
build_vendor='pc'
datadir='${datarootdir}'
datarootdir='${prefix}/share'
docdir='${datarootdir}/doc/${PACKAGE_TARNAME}'
dvidir='${docdir}'
exec_prefix='NONE'
host='x86_64-pc-linux-gnu'
host_alias=''
host_cpu='x86_64'
host_os='linux-gnu'
host_vendor='pc'
htmldir='${docdir}'
includedir='${prefix}/include'
infodir='${datarootdir}/info'
install_sh='${SHELL} /home/surya/Desktop/builddir/install-sh'
json_have_atomic_builtins='1'
json_have_localeconv=''
json_have_long_long=''
json_inline='inline'
libdir='${exec_prefix}/lib'
libexecdir='${exec_prefix}/libexec'
localedir='${datarootdir}/locale'
localstatedir='${prefix}/var'
mandir='${datarootdir}/man'
mkdir_p='$(MKDIR_P)'
oldincludedir='/usr/include'
pdfdir='${docdir}'
prefix='NONE'
program_transform_name='s,x,x,'
psdir='${docdir}'
runstatedir='${localstatedir}/run'
sbindir='${exec_prefix}/sbin'
sharedstatedir='${prefix}/com'
sysconfdir='${prefix}/etc'
target_alias=''

## ----------- ##
## confdefs.h. ##
## ----------- ##

/* confdefs.h */
#define PACKAGE_NAME "jansson"
#define PACKAGE_TARNAME "jansson"
#define PACKAGE_VERSION "1.0"
#define PACKAGE_STRING "jansson 1.0"
#define PACKAGE_BUGREPORT ""
#define PACKAGE_URL ""
#define PACKAGE "jansson"
#define VERSION "1.0"
#define STDC_HEADERS 1
#define HAVE_SYS_TYPES_H 1
#define HAVE_SYS_STAT_H 1
#define HAVE_STDLIB_H 1
#define HAVE_STRING_H 1
#define HAVE_MEMORY_H 1
#define HAVE_STRINGS_H 1
#define HAVE_INTTYPES_H 1
#define HAVE_STDINT_H 1
#define HAVE_UNISTD_H 1
#define HAVE_DLFCN_H 1
#define LT_OBJDIR ".libs/"
#define HAVE_ENDIAN_H 1
#define HAVE_FCNTL_H 1
#define HAVE_LOCALE_H 1
#define HAVE_SCHED_H 1
#define HAVE_UNISTD_H 1
#define HAVE_SYS_PARAM_H 1
#define HAVE_SYS_STAT_H 1
#define HAVE_SYS_TIME_H 1
#define HAVE_SYS_TYPES_H 1
#define HAVE_UNSIGNED_LONG_LONG_INT 1
#define HAVE_LONG_LONG_INT 1
#define HAVE_ATOMIC_BUILTINS 1

configure: exit 2
